<?xml version="1.0" encoding="UTF-8"?>
<!-- Generated by org.testng.reporters.JUnitXMLReporter -->
<testsuite ignored="0" hostname="Rohit-Badole" failures="1" tests="4" name="Test" time="16.615" errors="0" timestamp="2022-07-17T05:06:52 IST">
  <testcase classname="qaClickAcademy.HideShow" name="hideshow" time="9.226">
    <failure type="java.lang.AssertionError" message="expected [false] but found [true]">
      <![CDATA[java.lang.AssertionError: expected [false] but found [true]
at qaClickAcademy.HideShow.hideshow(HideShow.java:21)
at java.base/java.util.concurrent.ThreadPoolExecutor.runWorker(ThreadPoolExecutor.java:1136)
at java.base/java.util.concurrent.ThreadPoolExecutor$Worker.run(ThreadPoolExecutor.java:635)
at java.base/java.lang.Thread.run(Thread.java:833)
... Removed 16 stack frames]]>
    </failure>
  </testcase> <!-- hideshow -->
  <testcase classname="qaClickAcademy.TextField" name="textfield" time="11.811"/>
  <testcase classname="qaClickAcademy.Dropdown" name="dropdown" time="15.995"/>
  <testcase classname="qaClickAcademy.RadioButtons" name="radiobuttons" time="16.585"/>
</testsuite> <!-- Test -->
